<?xml version="1.0" encoding="UTF-8"?>
<!-- Generated by org.testng.reporters.JUnitReportReporter -->
<testsuite hostname="TL0017" failures="0" tests="3" name="testcases.Login" time="270.311" errors="0" timestamp="2023-05-13T12:39:13 IST" skipped="0">
  <testcase classname="testcases.Login" name="runLogin" time="98.152"/>
  <system-out/>
  <testcase classname="testcases.Login" name="runLogin" time="98.627"/>
  <system-out/>
  <testcase classname="testcases.Login" name="runLogin" time="73.532"/>
  <system-out/>
</testsuite> <!-- testcases.Login -->
