<?xml version="1.0" encoding="UTF-8"?>
<!-- Generated by org.testng.reporters.JUnitReportReporter -->
<testsuite hostname="TL0017" failures="0" tests="3" name="testcases.CreateLead" time="100.684" errors="0" timestamp="2023-05-13T13:15:29 IST" skipped="0">
  <testcase classname="testcases.CreateLead" name="runCreate" time="36.544"/>
  <system-out/>
  <testcase classname="testcases.CreateLead" name="runCreate" time="30.637"/>
  <system-out/>
  <testcase classname="testcases.CreateLead" name="runCreate" time="33.503"/>
  <system-out/>
</testsuite> <!-- testcases.CreateLead -->
